# JRE version: OpenJDK Runtime Environment (8.0_111-b14) (build 1.8.0_111-8u111-b14-3~14.04.1-b14)
# Java VM: OpenJDK 64-Bit Server VM (25.111-b14 mixed mode linux-amd64 compressed oops)
Heap:
 PSYoungGen      total 132608K, used 31908K [0x00000000d7e00000, 0x00000000e0700000, 0x0000000100000000)
  eden space 124928K, 25% used [0x00000000d7e00000,0x00000000d9d29090,0x00000000df800000)
  from space 7680K, 0% used [0x00000000dff80000,0x00000000dff80000,0x00000000e0700000)
  to   space 7680K, 0% used [0x00000000df800000,0x00000000df800000,0x00000000dff80000)
 ParOldGen       total 52224K, used 6865K [0x0000000087a00000, 0x000000008ad00000, 0x00000000d7e00000)
  object space 52224K, 13% used [0x0000000087a00000,0x00000000880b44d8,0x000000008ad00000)
 Metaspace       used 22778K, capacity 23018K, committed 23344K, reserved 1069056K
  class space    used 2774K, capacity 2877K, committed 2944K, reserved 1048576K
GC Heap History (10 events):
Event: 1.429 GC heap before
{Heap before GC invocations=3 (full 0):
 PSYoungGen      total 36352K, used 36340K [0x00000000d7e00000, 0x00000000dc500000, 0x0000000100000000)
  eden space 31232K, 100% used [0x00000000d7e00000,0x00000000d9c80000,0x00000000d9c80000)
  from space 5120K, 99% used [0x00000000da180000,0x00000000da67d300,0x00000000da680000)
  to   space 5120K, 0% used [0x00000000d9c80000,0x00000000d9c80000,0x00000000da180000)
 ParOldGen       total 83456K, used 246K [0x0000000087a00000, 0x000000008cb80000, 0x00000000d7e00000)
  object space 83456K, 0% used [0x0000000087a00000,0x0000000087a3d998,0x000000008cb80000)
 Metaspace       used 15117K, capacity 15302K, committed 15488K, reserved 1062912K
  class space    used 1807K, capacity 1897K, committed 1920K, reserved 1048576K
Event: 1.433 GC heap after
Heap after GC invocations=3 (full 0):
 PSYoungGen      total 36352K, used 5057K [0x00000000d7e00000, 0x00000000dc500000, 0x0000000100000000)
  eden space 31232K, 0% used [0x00000000d7e00000,0x00000000d7e00000,0x00000000d9c80000)
  from space 5120K, 98% used [0x00000000d9c80000,0x00000000da170530,0x00000000da180000)
  to   space 5120K, 0% used [0x00000000dc000000,0x00000000dc000000,0x00000000dc500000)
 ParOldGen       total 83456K, used 254K [0x0000000087a00000, 0x000000008cb80000, 0x00000000d7e00000)
  object space 83456K, 0% used [0x0000000087a00000,0x0000000087a3f998,0x000000008cb80000)
 Metaspace       used 15117K, capacity 15302K, committed 15488K, reserved 1062912K
  class space    used 1807K, capacity 1897K, committed 1920K, reserved 1048576K
}
Event: 1.634 GC heap before
{Heap before GC invocations=4 (full 0):
 PSYoungGen      total 36352K, used 36289K [0x00000000d7e00000, 0x00000000dc500000, 0x0000000100000000)
  eden space 31232K, 100% used [0x00000000d7e00000,0x00000000d9c80000,0x00000000d9c80000)
  from space 5120K, 98% used [0x00000000d9c80000,0x00000000da170530,0x00000000da180000)
  to   space 5120K, 0% used [0x00000000dc000000,0x00000000dc000000,0x00000000dc500000)
 ParOldGen       total 83456K, used 254K [0x0000000087a00000, 0x000000008cb80000, 0x00000000d7e00000)
  object space 83456K, 0% used [0x0000000087a00000,0x0000000087a3f998,0x000000008cb80000)
 Metaspace       used 15829K, capacity 16030K, committed 16128K, reserved 1062912K
  class space    used 1886K, capacity 1965K, committed 2048K, reserved 1048576K
Event: 1.640 GC heap after
Heap after GC invocations=4 (full 0):
 PSYoungGen      total 67584K, used 5099K [0x00000000d7e00000, 0x00000000dc500000, 0x0000000100000000)
  eden space 62464K, 0% used [0x00000000d7e00000,0x00000000d7e00000,0x00000000dbb00000)
  from space 5120K, 99% used [0x00000000dc000000,0x00000000dc4fad28,0x00000000dc500000)
  to   space 5120K, 0% used [0x00000000dbb00000,0x00000000dbb00000,0x00000000dc000000)
 ParOldGen       total 83456K, used 262K [0x0000000087a00000, 0x000000008cb80000, 0x00000000d7e00000)
  object space 83456K, 0% used [0x0000000087a00000,0x0000000087a41998,0x000000008cb80000)
 Metaspace       used 15829K, capacity 16030K, committed 16128K, reserved 1062912K
  class space    used 1886K, capacity 1965K, committed 2048K, reserved 1048576K
}
Event: 2.062 GC heap before
{Heap before GC invocations=5 (full 0):
 PSYoungGen      total 67584K, used 67563K [0x00000000d7e00000, 0x00000000dc500000, 0x0000000100000000)
  eden space 62464K, 100% used [0x00000000d7e00000,0x00000000dbb00000,0x00000000dbb00000)
  from space 5120K, 99% used [0x00000000dc000000,0x00000000dc4fad28,0x00000000dc500000)
  to   space 5120K, 0% used [0x00000000dbb00000,0x00000000dbb00000,0x00000000dc000000)
 ParOldGen       total 83456K, used 262K [0x0000000087a00000, 0x000000008cb80000, 0x00000000d7e00000)
  object space 83456K, 0% used [0x0000000087a00000,0x0000000087a41998,0x000000008cb80000)
 Metaspace       used 17941K, capacity 18146K, committed 18432K, reserved 1064960K
  class space    used 2144K, capacity 2195K, committed 2304K, reserved 1048576K
Event: 2.076 GC heap after
Heap after GC invocations=5 (full 0):
 PSYoungGen      total 67584K, used 5104K [0x00000000d7e00000, 0x00000000e0700000, 0x0000000100000000)
  eden space 62464K, 0% used [0x00000000d7e00000,0x00000000d7e00000,0x00000000dbb00000)
  from space 5120K, 99% used [0x00000000dbb00000,0x00000000dbffc010,0x00000000dc000000)
  to   space 7680K, 0% used [0x00000000dff80000,0x00000000dff80000,0x00000000e0700000)
 ParOldGen       total 83456K, used 2563K [0x0000000087a00000, 0x000000008cb80000, 0x00000000d7e00000)
  object space 83456K, 3% used [0x0000000087a00000,0x0000000087c80e60,0x000000008cb80000)
 Metaspace       used 17941K, capacity 18146K, committed 18432K, reserved 1064960K
  class space    used 2144K, capacity 2195K, committed 2304K, reserved 1048576K
}
Event: 2.339 GC heap before
{Heap before GC invocations=6 (full 0):
 PSYoungGen      total 67584K, used 36829K [0x00000000d7e00000, 0x00000000e0700000, 0x0000000100000000)
  eden space 62464K, 50% used [0x00000000d7e00000,0x00000000d9cfb6a0,0x00000000dbb00000)
  from space 5120K, 99% used [0x00000000dbb00000,0x00000000dbffc010,0x00000000dc000000)
  to   space 7680K, 0% used [0x00000000dff80000,0x00000000dff80000,0x00000000e0700000)
 ParOldGen       total 83456K, used 2563K [0x0000000087a00000, 0x000000008cb80000, 0x00000000d7e00000)
  object space 83456K, 3% used [0x0000000087a00000,0x0000000087c80e60,0x000000008cb80000)
 Metaspace       used 20855K, capacity 21086K, committed 21296K, reserved 1069056K
  class space    used 2534K, capacity 2617K, committed 2688K, reserved 1048576K
Event: 2.348 GC heap after
Heap after GC invocations=6 (full 0):
 PSYoungGen      total 132608K, used 6484K [0x00000000d7e00000, 0x00000000e0700000, 0x0000000100000000)
  eden space 124928K, 0% used [0x00000000d7e00000,0x00000000d7e00000,0x00000000df800000)
  from space 7680K, 84% used [0x00000000dff80000,0x00000000e05d5340,0x00000000e0700000)
  to   space 7680K, 0% used [0x00000000df800000,0x00000000df800000,0x00000000dff80000)
 ParOldGen       total 83456K, used 2571K [0x0000000087a00000, 0x000000008cb80000, 0x00000000d7e00000)
  object space 83456K, 3% used [0x0000000087a00000,0x0000000087c82e60,0x000000008cb80000)
 Metaspace       used 20855K, capacity 21086K, committed 21296K, reserved 1069056K
  class space    used 2534K, capacity 2617K, committed 2688K, reserved 1048576K
}
Event: 2.348 GC heap before
{Heap before GC invocations=7 (full 1):
 PSYoungGen      total 132608K, used 6484K [0x00000000d7e00000, 0x00000000e0700000, 0x0000000100000000)
  eden space 124928K, 0% used [0x00000000d7e00000,0x00000000d7e00000,0x00000000df800000)
  from space 7680K, 84% used [0x00000000dff80000,0x00000000e05d5340,0x00000000e0700000)
  to   space 7680K, 0% used [0x00000000df800000,0x00000000df800000,0x00000000dff80000)
 ParOldGen       total 83456K, used 2571K [0x0000000087a00000, 0x000000008cb80000, 0x00000000d7e00000)
  object space 83456K, 3% used [0x0000000087a00000,0x0000000087c82e60,0x000000008cb80000)
 Metaspace       used 20855K, capacity 21086K, committed 21296K, reserved 1069056K
  class space    used 2534K, capacity 2617K, committed 2688K, reserved 1048576K
Event: 2.390 GC heap after
Heap after GC invocations=7 (full 1):
 PSYoungGen      total 132608K, used 0K [0x00000000d7e00000, 0x00000000e0700000, 0x0000000100000000)
  eden space 124928K, 0% used [0x00000000d7e00000,0x00000000d7e00000,0x00000000df800000)
  from space 7680K, 0% used [0x00000000dff80000,0x00000000dff80000,0x00000000e0700000)
  to   space 7680K, 0% used [0x00000000df800000,0x00000000df800000,0x00000000dff80000)
 ParOldGen       total 52224K, used 6865K [0x0000000087a00000, 0x000000008ad00000, 0x00000000d7e00000)
  object space 52224K, 13% used [0x0000000087a00000,0x00000000880b44d8,0x000000008ad00000)
 Metaspace       used 20855K, capacity 21086K, committed 21296K, reserved 1069056K
  class space    used 2534K, capacity 2617K, committed 2688K, reserved 1048576K
}

